<?xml version="1.0" encoding="UTF-8"?>
<!-- Generated by org.testng.reporters.JUnitXMLReporter -->
<testsuite ignored="0" hostname="RavinPC" failures="0" tests="3" name="Test" time="15.529" errors="0" timestamp="2024-11-06T01:01:52 IST">
  <testcase classname="testCases.TC009_ShoppingCartTest" name="verifyNavigationFromSuccessMessage" time="0.827"/>
  <testcase classname="testCases.TC009_ShoppingCartTest" name="verifyNavigationFromShoppingcartHeaderLink" time="0.675"/>
  <testcase classname="testCases.TC009_ShoppingCartTest" name="verifyNavigationFromFooterSitemap" time="1.446"/>
</testsuite> <!-- Test -->
