<?xml version="1.0" encoding="UTF-8"?>
<!-- Generated by org.testng.reporters.JUnitXMLReporter -->
<testsuite ignored="0" hostname="RavinPC" failures="0" tests="6" name="Test" time="32.535" errors="0" timestamp="2024-12-15T12:45:22 IST">
  <testcase classname="testCases.TC001_AccountRegistrationTest" name="verify_account_registration" time="4.142"/>
  <testcase classname="testCases.TC002_LoginTest" name="verify_login" time="1.659"/>
  <testcase classname="testCases.TC004_SearchTest" name="verifyValidProductSearchTest" time="1.043"/>
  <testcase classname="testCases.TC004_SearchTest" name="verifyInvalidProductSearchTest" time="0.965"/>
  <testcase classname="testCases.TC007_PDPTest" name="verifyPDPThumbnails" time="2.739"/>
  <testcase classname="testCases.TC007_PDPTest" name="verifyProductDetails" time="0.224"/>
</testsuite> <!-- Test -->
