<?xml version="1.0" encoding="UTF-8"?>
<testng-results ignored="0" total="1" passed="1" failed="0" skipped="0">
  <reporter-output>
  </reporter-output>
  <suite started-at="2024-11-13T19:38:00 IST" name="Master Suite" finished-at="2024-11-13T19:38:10 IST" duration-ms="9991">
    <groups>
    </groups>
    <test started-at="2024-11-13T19:38:00 IST" name="Test" finished-at="2024-11-13T19:38:10 IST" duration-ms="9991">
      <class name="testCases.TC011_CheckoutTest">
        <test-method is-config="true" signature="setup(java.lang.String,java.lang.String)[pri:0, instance:testCases.TC011_CheckoutTest@44e3a2b2]" started-at="2024-11-13T19:38:00 IST" name="setup" finished-at="2024-11-13T19:38:03 IST" duration-ms="2770" status="PASS">
          <params>
            <param index="0">
              <value>
                <![CDATA[Windows]]>
              </value>
            </param>
            <param index="1">
              <value>
                <![CDATA[chrome]]>
              </value>
            </param>
          </params>
          <reporter-output>
          </reporter-output>
        </test-method> <!-- setup -->
        <test-method is-config="true" signature="loginTest()[pri:0, instance:testCases.TC011_CheckoutTest@44e3a2b2]" started-at="2024-11-13T19:38:03 IST" name="loginTest" finished-at="2024-11-13T19:38:05 IST" duration-ms="2762" status="PASS">
          <reporter-output>
          </reporter-output>
        </test-method> <!-- loginTest -->
        <test-method signature="verify_CheckOut_With_ExistingAddress()[pri:0, instance:testCases.TC011_CheckoutTest@44e3a2b2]" started-at="2024-11-13T19:38:05 IST" name="verify_CheckOut_With_ExistingAddress" finished-at="2024-11-13T19:38:09 IST" duration-ms="3783" status="PASS">
          <reporter-output>
          </reporter-output>
        </test-method> <!-- verify_CheckOut_With_ExistingAddress -->
        <test-method is-config="true" signature="tearDown()[pri:0, instance:testCases.TC011_CheckoutTest@44e3a2b2]" started-at="2024-11-13T19:38:09 IST" name="tearDown" finished-at="2024-11-13T19:38:10 IST" duration-ms="229" status="PASS">
          <reporter-output>
          </reporter-output>
        </test-method> <!-- tearDown -->
      </class> <!-- testCases.TC011_CheckoutTest -->
    </test> <!-- Test -->
  </suite> <!-- Master Suite -->
</testng-results>
